<?xml version="1.0" encoding="UTF-8"?>
<!-- Generated by org.testng.reporters.JUnitReportReporter -->
<testsuite skipped="0" hostname="Neelams-iMac.local" name="com.inetbanking.testCases.LoginTest_001" tests="1" failures="0" timestamp="2022-03-04T19:05:16 PST" time="7.740" errors="0">
  <testcase name="loginTest" time="7.740" classname="com.inetbanking.testCases.LoginTest_001"/>
  <system-out/>
</testsuite> <!-- com.inetbanking.testCases.LoginTest_001 -->
